Using pre-set license
Built from '2020.3/staging' branch; Version is '2020.3.24f1 (79c78de19888) revision 7980941'; Using compiler version '192528614'; Build Type 'Release'
OS: 'Windows 10  (10.0.19043) 64bit Professional' Language: 'ru' Physical Memory: 16335 MB
BatchMode: 1, IsHumanControllingUs: 0, StartBugReporterOnCrash: 0, Is64bit: 1, IsPro: 0

COMMAND LINE ARGUMENTS:
E:\Program Files\Unity Hub\Editor\2020.3.24f1\Editor\Unity.exe
-adb2
-batchMode
-noUpm
-name
AssetImportWorker0
-projectPath
E:/repos/Unity Projects/NumberWizardUI
-logFile
Logs/AssetImportWorker0.log
-srvPort
61466
Successfully changed project path to: E:/repos/Unity Projects/NumberWizardUI
E:/repos/Unity Projects/NumberWizardUI
Using Asset Import Pipeline V2.
Refreshing native plugins compatible for Editor in 84.29 ms, found 2 plugins.
Preloading 0 native plugins for Editor in 0.00 ms.
Initialize engine version: 2020.3.24f1 (79c78de19888)
[Subsystems] Discovering subsystems at path E:/Program Files/Unity Hub/Editor/2020.3.24f1/Editor/Data/Resources/UnitySubsystems
[Subsystems] Discovering subsystems at path E:/repos/Unity Projects/NumberWizardUI/Assets
GfxDevice: creating device client; threaded=0
Direct3D:
    Version:  Direct3D 11.0 [level 11.1]
    Renderer: Radeon RX 580 Series (ID=0x67df)
    Vendor:   
    VRAM:     8171 MB
    Driver:   30.0.13033.1000
Initialize mono
Mono path[0] = 'E:/Program Files/Unity Hub/Editor/2020.3.24f1/Editor/Data/Managed'
Mono path[1] = 'E:/Program Files/Unity Hub/Editor/2020.3.24f1/Editor/Data/MonoBleedingEdge/lib/mono/unityjit'
Mono config path = 'E:/Program Files/Unity Hub/Editor/2020.3.24f1/Editor/Data/MonoBleedingEdge/etc'
Using monoOptions --debugger-agent=transport=dt_socket,embedding=1,server=y,suspend=n,address=127.0.0.1:56748
Begin MonoManager ReloadAssembly
Registering precompiled unity dll's ...
Register platform support module: E:/Program Files/Unity Hub/Editor/2020.3.24f1/Editor/Data/PlaybackEngines/WindowsStandaloneSupport/UnityEditor.WindowsStandalone.Extensions.dll
Registered in 0.005081 seconds.
Native extension for WindowsStandalone target not found
Refreshing native plugins compatible for Editor in 70.86 ms, found 2 plugins.
Preloading 0 native plugins for Editor in 0.00 ms.
Mono: successfully reloaded assembly
- Completed reload, in  0.783 seconds
Domain Reload Profiling:
	ReloadAssembly (783ms)
		BeginReloadAssembly (93ms)
			ExecutionOrderSort (0ms)
			DisableScriptedObjects (0ms)
			BackupInstance (0ms)
			ReleaseScriptingObjects (0ms)
			CreateAndSetChildDomain (1ms)
		EndReloadAssembly (551ms)
			LoadAssemblies (88ms)
			RebuildTransferFunctionScriptingTraits (0ms)
			SetupTypeCache (169ms)
			ReleaseScriptCaches (0ms)
			RebuildScriptCaches (34ms)
			SetupLoadedEditorAssemblies (215ms)
				LogAssemblyErrors (0ms)
				InitializePlatformSupportModulesInManaged (5ms)
				SetLoadedEditorAssemblies (0ms)
				RefreshPlugins (71ms)
				BeforeProcessingInitializeOnLoad (15ms)
				ProcessInitializeOnLoadAttributes (93ms)
				ProcessInitializeOnLoadMethodAttributes (31ms)
				AfterProcessingInitializeOnLoad (0ms)
				EditorAssembliesLoaded (0ms)
			ExecutionOrderSort2 (0ms)
			AwakeInstancesAfterBackupRestoration (0ms)
Platform modules already initialized, skipping
Registering precompiled user dll's ...
Registered in 0.010638 seconds.
Begin MonoManager ReloadAssembly
Native extension for WindowsStandalone target not found
Refreshing native plugins compatible for Editor in 0.71 ms, found 2 plugins.
Preloading 0 native plugins for Editor in 0.00 ms.
Mono: successfully reloaded assembly
- Completed reload, in  1.277 seconds
Domain Reload Profiling:
	ReloadAssembly (1278ms)
		BeginReloadAssembly (170ms)
			ExecutionOrderSort (0ms)
			DisableScriptedObjects (5ms)
			BackupInstance (0ms)
			ReleaseScriptingObjects (0ms)
			CreateAndSetChildDomain (19ms)
		EndReloadAssembly (1023ms)
			LoadAssemblies (123ms)
			RebuildTransferFunctionScriptingTraits (0ms)
			SetupTypeCache (311ms)
			ReleaseScriptCaches (0ms)
			RebuildScriptCaches (45ms)
			SetupLoadedEditorAssemblies (437ms)
				LogAssemblyErrors (0ms)
				InitializePlatformSupportModulesInManaged (5ms)
				SetLoadedEditorAssemblies (1ms)
				RefreshPlugins (1ms)
				BeforeProcessingInitializeOnLoad (128ms)
				ProcessInitializeOnLoadAttributes (240ms)
				ProcessInitializeOnLoadMethodAttributes (47ms)
				AfterProcessingInitializeOnLoad (15ms)
				EditorAssembliesLoaded (0ms)
			ExecutionOrderSort2 (0ms)
			AwakeInstancesAfterBackupRestoration (7ms)
Platform modules already initialized, skipping
========================================================================
Worker process is ready to serve import requests
Launched and connected shader compiler UnityShaderCompiler.exe after 0.04 seconds
Refreshing native plugins compatible for Editor in 1.39 ms, found 2 plugins.
Preloading 0 native plugins for Editor in 0.00 ms.
Unloading 2106 Unused Serialized files (Serialized files now loaded: 0)
System memory in use before: 84.0 MB.
System memory in use after: 84.1 MB.

Unloading 58 unused Assets to reduce memory usage. Loaded Objects now: 2509.
Total: 7.162200 ms (FindLiveObjects: 0.202600 ms CreateObjectMapping: 0.052200 ms MarkObjects: 6.820200 ms  DeleteObjects: 0.085400 ms)

AssetImportParameters requested are different than current active one (requested -> active):
  custom:framework-win-MediaFoundation: 216162199b28c13a410421893ffa2e32 -> 
  custom:video-decoder-ogg-theora: a1e56fd34408186e4bbccfd4996cb3dc -> 
  custom:container-muxer-webm: aa71ff27fc2769a1b78a27578f13a17b -> 
  custom:container-demuxer-webm: 4f35f7cbe854078d1ac9338744f61a02 -> 
  custom:container-demuxer-ogg: 62fdf1f143b41e24485cea50d1cbac27 -> 
  custom:video-encoder-webm-vp8: eb34c28f22e8b96e1ab97ce403110664 -> 
  custom:video-decoder-webm-vp8: 9c59270c3fd7afecdb556c50c9e8de78 -> 
  custom:audio-decoder-ogg-vorbis: bf7c407c2cedff20999df2af8eb42d56 -> 
  custom:audio-encoder-webm-vorbis: bf7c407c2cedff20999df2af8eb42d56 -> 
========================================================================
Received Import Request.
  path: Assets/ARIAL.TTF
  artifactKey: Guid(67583aa1219e32149b13693f601113f5) Importer(815301076,1909f56bfc062723c751e8b465ee728b)
Start importing Assets/ARIAL.TTF using Guid(67583aa1219e32149b13693f601113f5) Importer(815301076,1909f56bfc062723c751e8b465ee728b)  -> (artifact id: 'bd2cc4cbd86b3ebfd3d4264d3a56dcb4') in 0.201489 seconds 
  Import took 0.204684 seconds .

========================================================================
Received Import Request.
  Time since last request: 39.849695 seconds.
  path: Assets/Scenes
  artifactKey: Guid(513bab5700b3c634cba93a5d655e77ef) Importer(815301076,1909f56bfc062723c751e8b465ee728b)
Start importing Assets/Scenes using Guid(513bab5700b3c634cba93a5d655e77ef) Importer(815301076,1909f56bfc062723c751e8b465ee728b)  -> (artifact id: '7b897dcf361cb2852fe7a0973360ebce') in 0.002377 seconds 
  Import took 0.005304 seconds .

========================================================================
Received Import Request.
  Time since last request: 1.687829 seconds.
  path: Assets/Scenes/Game.unity
  artifactKey: Guid(3d0e6efd03ca22d45868d254ef909ee7) Importer(815301076,1909f56bfc062723c751e8b465ee728b)
Start importing Assets/Scenes/Game.unity using Guid(3d0e6efd03ca22d45868d254ef909ee7) Importer(815301076,1909f56bfc062723c751e8b465ee728b)  -> (artifact id: '3e875c9cd2681a9f324c401245324867') in 0.002708 seconds 
  Import took 0.005591 seconds .

========================================================================
Received Import Request.
  Time since last request: 11.752202 seconds.
  path: Assets/Scripts
  artifactKey: Guid(7f74e485450a78e42951e56d5f3faceb) Importer(815301076,1909f56bfc062723c751e8b465ee728b)
Start importing Assets/Scripts using Guid(7f74e485450a78e42951e56d5f3faceb) Importer(815301076,1909f56bfc062723c751e8b465ee728b)  -> (artifact id: 'f2641748b2e9705aa0c21d7be5baff2e') in 0.002378 seconds 
  Import took 0.005345 seconds .

========================================================================
Received Import Request.
  Time since last request: 1.338924 seconds.
  path: Assets/Scripts/LevelManager.cs
  artifactKey: Guid(82e72825ab2b66d4a9b87421510af3b0) Importer(815301076,1909f56bfc062723c751e8b465ee728b)
Start importing Assets/Scripts/LevelManager.cs using Guid(82e72825ab2b66d4a9b87421510af3b0) Importer(815301076,1909f56bfc062723c751e8b465ee728b)  -> (artifact id: '7ef2653851b103604bae0cf48e017cb3') in 0.032440 seconds 
  Import took 0.035850 seconds .

========================================================================
Received Prepare
Registering precompiled user dll's ...
Registered in 0.009821 seconds.
Begin MonoManager ReloadAssembly
Native extension for WindowsStandalone target not found
Refreshing native plugins compatible for Editor in 0.73 ms, found 2 plugins.
Preloading 0 native plugins for Editor in 0.00 ms.
Mono: successfully reloaded assembly
- Completed reload, in  1.249 seconds
Domain Reload Profiling:
	ReloadAssembly (1249ms)
		BeginReloadAssembly (159ms)
			ExecutionOrderSort (0ms)
			DisableScriptedObjects (6ms)
			BackupInstance (0ms)
			ReleaseScriptingObjects (0ms)
			CreateAndSetChildDomain (33ms)
		EndReloadAssembly (1006ms)
			LoadAssemblies (132ms)
			RebuildTransferFunctionScriptingTraits (0ms)
			SetupTypeCache (315ms)
			ReleaseScriptCaches (1ms)
			RebuildScriptCaches (48ms)
			SetupLoadedEditorAssemblies (407ms)
				LogAssemblyErrors (0ms)
				InitializePlatformSupportModulesInManaged (5ms)
				SetLoadedEditorAssemblies (1ms)
				RefreshPlugins (1ms)
				BeforeProcessingInitializeOnLoad (129ms)
				ProcessInitializeOnLoadAttributes (212ms)
				ProcessInitializeOnLoadMethodAttributes (45ms)
				AfterProcessingInitializeOnLoad (15ms)
				EditorAssembliesLoaded (0ms)
			ExecutionOrderSort2 (0ms)
			AwakeInstancesAfterBackupRestoration (7ms)
Platform modules already initialized, skipping
Refreshing native plugins compatible for Editor in 0.71 ms, found 2 plugins.
Preloading 0 native plugins for Editor in 0.00 ms.
Unloading 2101 Unused Serialized files (Serialized files now loaded: 0)
System memory in use before: 87.2 MB.
System memory in use after: 87.3 MB.

Unloading 49 unused Assets to reduce memory usage. Loaded Objects now: 2555.
Total: 6.777200 ms (FindLiveObjects: 0.188200 ms CreateObjectMapping: 0.050100 ms MarkObjects: 6.506200 ms  DeleteObjects: 0.031400 ms)

AssetImportParameters requested are different than current active one (requested -> active):
  custom:framework-win-MediaFoundation: 216162199b28c13a410421893ffa2e32 -> 
  custom:video-decoder-ogg-theora: a1e56fd34408186e4bbccfd4996cb3dc -> 
  custom:container-muxer-webm: aa71ff27fc2769a1b78a27578f13a17b -> 
  custom:container-demuxer-webm: 4f35f7cbe854078d1ac9338744f61a02 -> 
  custom:container-demuxer-ogg: 62fdf1f143b41e24485cea50d1cbac27 -> 
  custom:video-encoder-webm-vp8: eb34c28f22e8b96e1ab97ce403110664 -> 
  custom:video-decoder-webm-vp8: 9c59270c3fd7afecdb556c50c9e8de78 -> 
  custom:audio-decoder-ogg-vorbis: bf7c407c2cedff20999df2af8eb42d56 -> 
  custom:audio-encoder-webm-vorbis: bf7c407c2cedff20999df2af8eb42d56 -> 
========================================================================
Received Import Request.
  Time since last request: 22.973050 seconds.
  path: Assets/Scripts/NumberWizard.cs
  artifactKey: Guid(3957542d44d020847acfce0718842373) Importer(815301076,1909f56bfc062723c751e8b465ee728b)
Start importing Assets/Scripts/NumberWizard.cs using Guid(3957542d44d020847acfce0718842373) Importer(815301076,1909f56bfc062723c751e8b465ee728b)  -> (artifact id: 'a85ac97a0be5d69ceddc88d9f0afd362') in 0.005456 seconds 
  Import took 0.008499 seconds .

========================================================================
Received Import Request.
  Time since last request: 33.302263 seconds.
  path: Assets/Scenes/Lose.unity
  artifactKey: Guid(d991ef6bd08445d4a9fe9b807f7bd991) Importer(815301076,1909f56bfc062723c751e8b465ee728b)
Start importing Assets/Scenes/Lose.unity using Guid(d991ef6bd08445d4a9fe9b807f7bd991) Importer(815301076,1909f56bfc062723c751e8b465ee728b)  -> (artifact id: '06ceb111b1c11b2518d71565f6dac58b') in 0.009948 seconds 
  Import took 0.013091 seconds .

========================================================================
Received Import Request.
  Time since last request: 8.850064 seconds.
  path: Assets/Scenes/Win.unity
  artifactKey: Guid(1e123b76ae4968e49a830e12efb11a10) Importer(815301076,1909f56bfc062723c751e8b465ee728b)
Start importing Assets/Scenes/Win.unity using Guid(1e123b76ae4968e49a830e12efb11a10) Importer(815301076,1909f56bfc062723c751e8b465ee728b)  -> (artifact id: 'c2b3f40613d94ee7c61d3abc6dfccb4d') in 0.003283 seconds 
  Import took 0.006368 seconds .

========================================================================
Received Import Request.
  Time since last request: 0.617664 seconds.
  path: Assets/Scenes/Start.unity
  artifactKey: Guid(2cda990e2423bbf4892e6590ba056729) Importer(815301076,1909f56bfc062723c751e8b465ee728b)
Start importing Assets/Scenes/Start.unity using Guid(2cda990e2423bbf4892e6590ba056729) Importer(815301076,1909f56bfc062723c751e8b465ee728b)  -> (artifact id: 'd0f62554d5cea929b16ab26b4dd9cb6c') in 0.003374 seconds 
  Import took 0.006328 seconds .

========================================================================
Received Import Request.
  Time since last request: 12.371553 seconds.
  path: Assets/Resources
  artifactKey: Guid(1c8ba702b6791de4d9b2a1c7ba850a4a) Importer(815301076,1909f56bfc062723c751e8b465ee728b)
Start importing Assets/Resources using Guid(1c8ba702b6791de4d9b2a1c7ba850a4a) Importer(815301076,1909f56bfc062723c751e8b465ee728b)  -> (artifact id: '6edd5247b9e1c8c37d690b1fc8536bbb') in 0.003033 seconds 
  Import took 0.006126 seconds .

========================================================================
Received Import Request.
  Time since last request: 1.506260 seconds.
  path: Assets/Resources/BillingMode.json
  artifactKey: Guid(555fd8930daacfb448db96d4c3f3ec55) Importer(815301076,1909f56bfc062723c751e8b465ee728b)
Start importing Assets/Resources/BillingMode.json using Guid(555fd8930daacfb448db96d4c3f3ec55) Importer(815301076,1909f56bfc062723c751e8b465ee728b)  -> (artifact id: '366569faf024f546e21c26f6fd3697b9') in 0.035305 seconds 
  Import took 0.038225 seconds .

AssetImportWorkerClient::OnTransportError - code=2 error=End of file
